This file contains any messages produced by compilers while
running configure, to aid debugging if configure makes a mistake.

It was created by edlutkernel configure 2.0, which was
generated by GNU Autoconf 2.69.  Invocation command line was

  $ ./configure 

## --------- ##
## Platform. ##
## --------- ##

hostname = baxterMainPC
uname -m = x86_64
uname -r = 4.15.0-112-generic
uname -s = Linux
uname -v = #113~16.04.1-Ubuntu SMP Fri Jul 10 04:37:08 UTC 2020

/usr/bin/uname -p = unknown
/bin/uname -X     = unknown

/bin/arch              = unknown
/usr/bin/arch -k       = unknown
/usr/convex/getsysinfo = unknown
/usr/bin/hostinfo      = unknown
/bin/machine           = unknown
/usr/bin/oslevel       = unknown
/bin/universe          = unknown

PATH: /opt/ros/kinetic/bin
PATH: /home/baxter/bin
PATH: /home/baxter/.local/bin
PATH: /usr/local/sbin
PATH: /usr/local/bin
PATH: /usr/sbin
PATH: /usr/bin
PATH: /sbin
PATH: /bin
PATH: /usr/games
PATH: /usr/local/games
PATH: /usr/local/cuda-10.2/bin
PATH: /snap/bin


## ----------- ##
## Core tests. ##
## ----------- ##

configure:2495: checking for g++
configure:2511: found /usr/bin/g++
configure:2522: result: g++
configure:2549: checking for C++ compiler version
configure:2558: g++ --version >&5
g++ (Ubuntu 5.4.0-6ubuntu1~16.04.12) 5.4.0 20160609
Copyright (C) 2015 Free Software Foundation, Inc.
This is free software; see the source for copying conditions.  There is NO
warranty; not even for MERCHANTABILITY or FITNESS FOR A PARTICULAR PURPOSE.

configure:2569: $? = 0
configure:2558: g++ -v >&5
Using built-in specs.
COLLECT_GCC=g++
COLLECT_LTO_WRAPPER=/usr/lib/gcc/x86_64-linux-gnu/5/lto-wrapper
Target: x86_64-linux-gnu
Configured with: ../src/configure -v --with-pkgversion='Ubuntu 5.4.0-6ubuntu1~16.04.12' --with-bugurl=file:///usr/share/doc/gcc-5/README.Bugs --enable-languages=c,ada,c++,java,go,d,fortran,objc,obj-c++ --prefix=/usr --program-suffix=-5 --enable-shared --enable-linker-build-id --libexecdir=/usr/lib --without-included-gettext --enable-threads=posix --libdir=/usr/lib --enable-nls --with-sysroot=/ --enable-clocale=gnu --enable-libstdcxx-debug --enable-libstdcxx-time=yes --with-default-libstdcxx-abi=new --enable-gnu-unique-object --disable-vtable-verify --enable-libmpx --enable-plugin --with-system-zlib --disable-browser-plugin --enable-java-awt=gtk --enable-gtk-cairo --with-java-home=/usr/lib/jvm/java-1.5.0-gcj-5-amd64/jre --enable-java-home --with-jvm-root-dir=/usr/lib/jvm/java-1.5.0-gcj-5-amd64 --with-jvm-jar-dir=/usr/lib/jvm-exports/java-1.5.0-gcj-5-amd64 --with-arch-directory=amd64 --with-ecj-jar=/usr/share/java/eclipse-ecj.jar --enable-objc-gc --enable-multiarch --disable-werror --with-arch-32=i686 --with-abi=m64 --with-multilib-list=m32,m64,mx32 --enable-multilib --with-tune=generic --enable-checking=release --build=x86_64-linux-gnu --host=x86_64-linux-gnu --target=x86_64-linux-gnu
Thread model: posix
gcc version 5.4.0 20160609 (Ubuntu 5.4.0-6ubuntu1~16.04.12) 
configure:2569: $? = 0
configure:2558: g++ -V >&5
g++: error: unrecognized command line option '-V'
g++: fatal error: no input files
compilation terminated.
configure:2569: $? = 1
configure:2558: g++ -qversion >&5
g++: error: unrecognized command line option '-qversion'
g++: fatal error: no input files
compilation terminated.
configure:2569: $? = 1
configure:2589: checking whether the C++ compiler works
configure:2611: g++    conftest.cpp  >&5
configure:2615: $? = 0
configure:2663: result: yes
configure:2666: checking for C++ compiler default output file name
configure:2668: result: a.out
configure:2674: checking for suffix of executables
configure:2681: g++ -o conftest    conftest.cpp  >&5
configure:2685: $? = 0
configure:2707: result: 
configure:2729: checking whether we are cross compiling
configure:2737: g++ -o conftest    conftest.cpp  >&5
configure:2741: $? = 0
configure:2748: ./conftest
configure:2752: $? = 0
configure:2767: result: no
configure:2772: checking for suffix of object files
configure:2794: g++ -c   conftest.cpp >&5
configure:2798: $? = 0
configure:2819: result: o
configure:2823: checking whether we are using the GNU C++ compiler
configure:2842: g++ -c   conftest.cpp >&5
configure:2842: $? = 0
configure:2851: result: yes
configure:2860: checking whether g++ accepts -g
configure:2880: g++ -c -g  conftest.cpp >&5
configure:2880: $? = 0
configure:2921: result: yes
configure:2992: checking for gcc
configure:3008: found /usr/bin/gcc
configure:3019: result: gcc
configure:3248: checking for C compiler version
configure:3257: gcc --version >&5
gcc (Ubuntu 5.4.0-6ubuntu1~16.04.12) 5.4.0 20160609
Copyright (C) 2015 Free Software Foundation, Inc.
This is free software; see the source for copying conditions.  There is NO
warranty; not even for MERCHANTABILITY or FITNESS FOR A PARTICULAR PURPOSE.

configure:3268: $? = 0
configure:3257: gcc -v >&5
Using built-in specs.
COLLECT_GCC=gcc
COLLECT_LTO_WRAPPER=/usr/lib/gcc/x86_64-linux-gnu/5/lto-wrapper
Target: x86_64-linux-gnu
Configured with: ../src/configure -v --with-pkgversion='Ubuntu 5.4.0-6ubuntu1~16.04.12' --with-bugurl=file:///usr/share/doc/gcc-5/README.Bugs --enable-languages=c,ada,c++,java,go,d,fortran,objc,obj-c++ --prefix=/usr --program-suffix=-5 --enable-shared --enable-linker-build-id --libexecdir=/usr/lib --without-included-gettext --enable-threads=posix --libdir=/usr/lib --enable-nls --with-sysroot=/ --enable-clocale=gnu --enable-libstdcxx-debug --enable-libstdcxx-time=yes --with-default-libstdcxx-abi=new --enable-gnu-unique-object --disable-vtable-verify --enable-libmpx --enable-plugin --with-system-zlib --disable-browser-plugin --enable-java-awt=gtk --enable-gtk-cairo --with-java-home=/usr/lib/jvm/java-1.5.0-gcj-5-amd64/jre --enable-java-home --with-jvm-root-dir=/usr/lib/jvm/java-1.5.0-gcj-5-amd64 --with-jvm-jar-dir=/usr/lib/jvm-exports/java-1.5.0-gcj-5-amd64 --with-arch-directory=amd64 --with-ecj-jar=/usr/share/java/eclipse-ecj.jar --enable-objc-gc --enable-multiarch --disable-werror --with-arch-32=i686 --with-abi=m64 --with-multilib-list=m32,m64,mx32 --enable-multilib --with-tune=generic --enable-checking=release --build=x86_64-linux-gnu --host=x86_64-linux-gnu --target=x86_64-linux-gnu
Thread model: posix
gcc version 5.4.0 20160609 (Ubuntu 5.4.0-6ubuntu1~16.04.12) 
configure:3268: $? = 0
configure:3257: gcc -V >&5
gcc: error: unrecognized command line option '-V'
gcc: fatal error: no input files
compilation terminated.
configure:3268: $? = 1
configure:3257: gcc -qversion >&5
gcc: error: unrecognized command line option '-qversion'
gcc: fatal error: no input files
compilation terminated.
configure:3268: $? = 1
configure:3272: checking whether we are using the GNU C compiler
configure:3291: gcc -c   conftest.c >&5
configure:3291: $? = 0
configure:3300: result: yes
configure:3309: checking whether gcc accepts -g
configure:3329: gcc -c -g  conftest.c >&5
configure:3329: $? = 0
configure:3370: result: yes
configure:3387: checking for gcc option to accept ISO C89
configure:3450: gcc  -c -g -O2  conftest.c >&5
configure:3450: $? = 0
configure:3463: result: none needed
configure:3487: checking for gawk
configure:3503: found /usr/bin/gawk
configure:3514: result: gawk
configure:3548: checking how to run the C++ preprocessor
configure:3575: g++ -E  conftest.cpp
configure:3575: $? = 0
configure:3589: g++ -E  conftest.cpp
conftest.cpp:9:28: fatal error: ac_nonexistent.h: No such file or directory
compilation terminated.
configure:3589: $? = 1
configure: failed program was:
| /* confdefs.h */
| #define PACKAGE_NAME "edlutkernel"
| #define PACKAGE_TARNAME "edlutkernel"
| #define PACKAGE_VERSION "2.0"
| #define PACKAGE_STRING "edlutkernel 2.0"
| #define PACKAGE_BUGREPORT "jgarridoalcazar@gmail.com"
| #define PACKAGE_URL ""
| /* end confdefs.h.  */
| #include <ac_nonexistent.h>
configure:3614: result: g++ -E
configure:3634: g++ -E  conftest.cpp
configure:3634: $? = 0
configure:3648: g++ -E  conftest.cpp
conftest.cpp:9:28: fatal error: ac_nonexistent.h: No such file or directory
compilation terminated.
configure:3648: $? = 1
configure: failed program was:
| /* confdefs.h */
| #define PACKAGE_NAME "edlutkernel"
| #define PACKAGE_TARNAME "edlutkernel"
| #define PACKAGE_VERSION "2.0"
| #define PACKAGE_STRING "edlutkernel 2.0"
| #define PACKAGE_BUGREPORT "jgarridoalcazar@gmail.com"
| #define PACKAGE_URL ""
| /* end confdefs.h.  */
| #include <ac_nonexistent.h>
configure:3677: checking for grep that handles long lines and -e
configure:3735: result: /bin/grep
configure:3740: checking for egrep
configure:3802: result: /bin/grep -E
configure:3807: checking for ANSI C header files
configure:3827: g++ -c -g -O2  conftest.cpp >&5
configure:3827: $? = 0
configure:3900: g++ -o conftest -g -O2   conftest.cpp  >&5
configure:3900: $? = 0
configure:3900: ./conftest
configure:3900: $? = 0
configure:3911: result: yes
configure:3924: checking for sys/types.h
configure:3924: g++ -c -g -O2  conftest.cpp >&5
configure:3924: $? = 0
configure:3924: result: yes
configure:3924: checking for sys/stat.h
configure:3924: g++ -c -g -O2  conftest.cpp >&5
configure:3924: $? = 0
configure:3924: result: yes
configure:3924: checking for stdlib.h
configure:3924: g++ -c -g -O2  conftest.cpp >&5
configure:3924: $? = 0
configure:3924: result: yes
configure:3924: checking for string.h
configure:3924: g++ -c -g -O2  conftest.cpp >&5
configure:3924: $? = 0
configure:3924: result: yes
configure:3924: checking for memory.h
configure:3924: g++ -c -g -O2  conftest.cpp >&5
configure:3924: $? = 0
configure:3924: result: yes
configure:3924: checking for strings.h
configure:3924: g++ -c -g -O2  conftest.cpp >&5
configure:3924: $? = 0
configure:3924: result: yes
configure:3924: checking for inttypes.h
configure:3924: g++ -c -g -O2  conftest.cpp >&5
configure:3924: $? = 0
configure:3924: result: yes
configure:3924: checking for stdint.h
configure:3924: g++ -c -g -O2  conftest.cpp >&5
configure:3924: $? = 0
configure:3924: result: yes
configure:3924: checking for unistd.h
configure:3924: g++ -c -g -O2  conftest.cpp >&5
configure:3924: $? = 0
configure:3924: result: yes
configure:3939: checking arpa/inet.h usability
configure:3939: g++ -c -g -O2  conftest.cpp >&5
configure:3939: $? = 0
configure:3939: result: yes
configure:3939: checking arpa/inet.h presence
configure:3939: g++ -E  conftest.cpp
configure:3939: $? = 0
configure:3939: result: yes
configure:3939: checking for arpa/inet.h
configure:3939: result: yes
configure:3939: checking fcntl.h usability
configure:3939: g++ -c -g -O2  conftest.cpp >&5
configure:3939: $? = 0
configure:3939: result: yes
configure:3939: checking fcntl.h presence
configure:3939: g++ -E  conftest.cpp
configure:3939: $? = 0
configure:3939: result: yes
configure:3939: checking for fcntl.h
configure:3939: result: yes
configure:3939: checking limits.h usability
configure:3939: g++ -c -g -O2  conftest.cpp >&5
configure:3939: $? = 0
configure:3939: result: yes
configure:3939: checking limits.h presence
configure:3939: g++ -E  conftest.cpp
configure:3939: $? = 0
configure:3939: result: yes
configure:3939: checking for limits.h
configure:3939: result: yes
configure:3939: checking netdb.h usability
configure:3939: g++ -c -g -O2  conftest.cpp >&5
configure:3939: $? = 0
configure:3939: result: yes
configure:3939: checking netdb.h presence
configure:3939: g++ -E  conftest.cpp
configure:3939: $? = 0
configure:3939: result: yes
configure:3939: checking for netdb.h
configure:3939: result: yes
configure:3939: checking netinet/in.h usability
configure:3939: g++ -c -g -O2  conftest.cpp >&5
configure:3939: $? = 0
configure:3939: result: yes
configure:3939: checking netinet/in.h presence
configure:3939: g++ -E  conftest.cpp
configure:3939: $? = 0
configure:3939: result: yes
configure:3939: checking for netinet/in.h
configure:3939: result: yes
configure:3939: checking for stdint.h
configure:3939: result: yes
configure:3939: checking for string.h
configure:3939: result: yes
configure:3939: checking sys/socket.h usability
configure:3939: g++ -c -g -O2  conftest.cpp >&5
configure:3939: $? = 0
configure:3939: result: yes
configure:3939: checking sys/socket.h presence
configure:3939: g++ -E  conftest.cpp
configure:3939: $? = 0
configure:3939: result: yes
configure:3939: checking for sys/socket.h
configure:3939: result: yes
configure:3939: checking for unistd.h
configure:3939: result: yes
configure:3939: checking wchar.h usability
configure:3939: g++ -c -g -O2  conftest.cpp >&5
configure:3939: $? = 0
configure:3939: result: yes
configure:3939: checking wchar.h presence
configure:3939: g++ -E  conftest.cpp
configure:3939: $? = 0
configure:3939: result: yes
configure:3939: checking for wchar.h
configure:3939: result: yes
configure:3951: checking for stdbool.h that conforms to C99
configure:4018: g++ -c -g -O2  conftest.cpp >&5
configure:4018: $? = 0
configure:4025: result: yes
configure:4027: checking for _Bool
configure:4027: g++ -c -g -O2  conftest.cpp >&5
conftest.cpp: In function 'int main()':
conftest.cpp:65:13: error: '_Bool' was not declared in this scope
 if (sizeof (_Bool))
             ^
configure:4027: $? = 1
configure: failed program was:
| /* confdefs.h */
| #define PACKAGE_NAME "edlutkernel"
| #define PACKAGE_TARNAME "edlutkernel"
| #define PACKAGE_VERSION "2.0"
| #define PACKAGE_STRING "edlutkernel 2.0"
| #define PACKAGE_BUGREPORT "jgarridoalcazar@gmail.com"
| #define PACKAGE_URL ""
| #define STDC_HEADERS 1
| #define HAVE_SYS_TYPES_H 1
| #define HAVE_SYS_STAT_H 1
| #define HAVE_STDLIB_H 1
| #define HAVE_STRING_H 1
| #define HAVE_MEMORY_H 1
| #define HAVE_STRINGS_H 1
| #define HAVE_INTTYPES_H 1
| #define HAVE_STDINT_H 1
| #define HAVE_UNISTD_H 1
| #define HAVE_ARPA_INET_H 1
| #define HAVE_FCNTL_H 1
| #define HAVE_LIMITS_H 1
| #define HAVE_NETDB_H 1
| #define HAVE_NETINET_IN_H 1
| #define HAVE_STDINT_H 1
| #define HAVE_STRING_H 1
| #define HAVE_SYS_SOCKET_H 1
| #define HAVE_UNISTD_H 1
| #define HAVE_WCHAR_H 1
| /* end confdefs.h.  */
| #include <stdio.h>
| #ifdef HAVE_SYS_TYPES_H
| # include <sys/types.h>
| #endif
| #ifdef HAVE_SYS_STAT_H
| # include <sys/stat.h>
| #endif
| #ifdef STDC_HEADERS
| # include <stdlib.h>
| # include <stddef.h>
| #else
| # ifdef HAVE_STDLIB_H
| #  include <stdlib.h>
| # endif
| #endif
| #ifdef HAVE_STRING_H
| # if !defined STDC_HEADERS && defined HAVE_MEMORY_H
| #  include <memory.h>
| # endif
| # include <string.h>
| #endif
| #ifdef HAVE_STRINGS_H
| # include <strings.h>
| #endif
| #ifdef HAVE_INTTYPES_H
| # include <inttypes.h>
| #endif
| #ifdef HAVE_STDINT_H
| # include <stdint.h>
| #endif
| #ifdef HAVE_UNISTD_H
| # include <unistd.h>
| #endif
| int
| main ()
| {
| if (sizeof (_Bool))
| 	 return 0;
|   ;
|   return 0;
| }
configure:4027: result: no
configure:4038: checking for int16_t
configure:4038: g++ -c -g -O2  conftest.cpp >&5
configure:4038: $? = 0
configure:4038: g++ -c -g -O2  conftest.cpp >&5
conftest.cpp: In function 'int main()':
conftest.cpp:67:58: error: size of array 'test_array' is negative
    < (int16_t) (((((int16_t) 1 << N) << N) - 1) * 2 + 2))];
                                                          ^
configure:4038: $? = 1
configure: failed program was:
| /* confdefs.h */
| #define PACKAGE_NAME "edlutkernel"
| #define PACKAGE_TARNAME "edlutkernel"
| #define PACKAGE_VERSION "2.0"
| #define PACKAGE_STRING "edlutkernel 2.0"
| #define PACKAGE_BUGREPORT "jgarridoalcazar@gmail.com"
| #define PACKAGE_URL ""
| #define STDC_HEADERS 1
| #define HAVE_SYS_TYPES_H 1
| #define HAVE_SYS_STAT_H 1
| #define HAVE_STDLIB_H 1
| #define HAVE_STRING_H 1
| #define HAVE_MEMORY_H 1
| #define HAVE_STRINGS_H 1
| #define HAVE_INTTYPES_H 1
| #define HAVE_STDINT_H 1
| #define HAVE_UNISTD_H 1
| #define HAVE_ARPA_INET_H 1
| #define HAVE_FCNTL_H 1
| #define HAVE_LIMITS_H 1
| #define HAVE_NETDB_H 1
| #define HAVE_NETINET_IN_H 1
| #define HAVE_STDINT_H 1
| #define HAVE_STRING_H 1
| #define HAVE_SYS_SOCKET_H 1
| #define HAVE_UNISTD_H 1
| #define HAVE_WCHAR_H 1
| /* end confdefs.h.  */
| #include <stdio.h>
| #ifdef HAVE_SYS_TYPES_H
| # include <sys/types.h>
| #endif
| #ifdef HAVE_SYS_STAT_H
| # include <sys/stat.h>
| #endif
| #ifdef STDC_HEADERS
| # include <stdlib.h>
| # include <stddef.h>
| #else
| # ifdef HAVE_STDLIB_H
| #  include <stdlib.h>
| # endif
| #endif
| #ifdef HAVE_STRING_H
| # if !defined STDC_HEADERS && defined HAVE_MEMORY_H
| #  include <memory.h>
| # endif
| # include <string.h>
| #endif
| #ifdef HAVE_STRINGS_H
| # include <strings.h>
| #endif
| #ifdef HAVE_INTTYPES_H
| # include <inttypes.h>
| #endif
| #ifdef HAVE_STDINT_H
| # include <stdint.h>
| #endif
| #ifdef HAVE_UNISTD_H
| # include <unistd.h>
| #endif
| 	        enum { N = 16 / 2 - 1 };
| int
| main ()
| {
| static int test_array [1 - 2 * !((int16_t) (((((int16_t) 1 << N) << N) - 1) * 2 + 1)
| 		 < (int16_t) (((((int16_t) 1 << N) << N) - 1) * 2 + 2))];
| test_array [0] = 0;
| return test_array [0];
| 
|   ;
|   return 0;
| }
configure:4038: result: yes
configure:4049: checking for int32_t
configure:4049: g++ -c -g -O2  conftest.cpp >&5
configure:4049: $? = 0
configure:4049: g++ -c -g -O2  conftest.cpp >&5
conftest.cpp: In function 'int main()':
conftest.cpp:67:53: warning: integer overflow in expression [-Woverflow]
    < (int32_t) (((((int32_t) 1 << N) << N) - 1) * 2 + 2))];
                                                     ^
conftest.cpp:67:58: error: size of array 'test_array' is negative
    < (int32_t) (((((int32_t) 1 << N) << N) - 1) * 2 + 2))];
                                                          ^
configure:4049: $? = 1
configure: failed program was:
| /* confdefs.h */
| #define PACKAGE_NAME "edlutkernel"
| #define PACKAGE_TARNAME "edlutkernel"
| #define PACKAGE_VERSION "2.0"
| #define PACKAGE_STRING "edlutkernel 2.0"
| #define PACKAGE_BUGREPORT "jgarridoalcazar@gmail.com"
| #define PACKAGE_URL ""
| #define STDC_HEADERS 1
| #define HAVE_SYS_TYPES_H 1
| #define HAVE_SYS_STAT_H 1
| #define HAVE_STDLIB_H 1
| #define HAVE_STRING_H 1
| #define HAVE_MEMORY_H 1
| #define HAVE_STRINGS_H 1
| #define HAVE_INTTYPES_H 1
| #define HAVE_STDINT_H 1
| #define HAVE_UNISTD_H 1
| #define HAVE_ARPA_INET_H 1
| #define HAVE_FCNTL_H 1
| #define HAVE_LIMITS_H 1
| #define HAVE_NETDB_H 1
| #define HAVE_NETINET_IN_H 1
| #define HAVE_STDINT_H 1
| #define HAVE_STRING_H 1
| #define HAVE_SYS_SOCKET_H 1
| #define HAVE_UNISTD_H 1
| #define HAVE_WCHAR_H 1
| /* end confdefs.h.  */
| #include <stdio.h>
| #ifdef HAVE_SYS_TYPES_H
| # include <sys/types.h>
| #endif
| #ifdef HAVE_SYS_STAT_H
| # include <sys/stat.h>
| #endif
| #ifdef STDC_HEADERS
| # include <stdlib.h>
| # include <stddef.h>
| #else
| # ifdef HAVE_STDLIB_H
| #  include <stdlib.h>
| # endif
| #endif
| #ifdef HAVE_STRING_H
| # if !defined STDC_HEADERS && defined HAVE_MEMORY_H
| #  include <memory.h>
| # endif
| # include <string.h>
| #endif
| #ifdef HAVE_STRINGS_H
| # include <strings.h>
| #endif
| #ifdef HAVE_INTTYPES_H
| # include <inttypes.h>
| #endif
| #ifdef HAVE_STDINT_H
| # include <stdint.h>
| #endif
| #ifdef HAVE_UNISTD_H
| # include <unistd.h>
| #endif
| 	        enum { N = 32 / 2 - 1 };
| int
| main ()
| {
| static int test_array [1 - 2 * !((int32_t) (((((int32_t) 1 << N) << N) - 1) * 2 + 1)
| 		 < (int32_t) (((((int32_t) 1 << N) << N) - 1) * 2 + 2))];
| test_array [0] = 0;
| return test_array [0];
| 
|   ;
|   return 0;
| }
configure:4049: result: yes
configure:4060: checking for int64_t
configure:4060: g++ -c -g -O2  conftest.cpp >&5
configure:4060: $? = 0
configure:4060: g++ -c -g -O2  conftest.cpp >&5
conftest.cpp: In function 'int main()':
conftest.cpp:67:53: warning: integer overflow in expression [-Woverflow]
    < (int64_t) (((((int64_t) 1 << N) << N) - 1) * 2 + 2))];
                                                     ^
conftest.cpp:67:58: error: size of array 'test_array' is negative
    < (int64_t) (((((int64_t) 1 << N) << N) - 1) * 2 + 2))];
                                                          ^
configure:4060: $? = 1
configure: failed program was:
| /* confdefs.h */
| #define PACKAGE_NAME "edlutkernel"
| #define PACKAGE_TARNAME "edlutkernel"
| #define PACKAGE_VERSION "2.0"
| #define PACKAGE_STRING "edlutkernel 2.0"
| #define PACKAGE_BUGREPORT "jgarridoalcazar@gmail.com"
| #define PACKAGE_URL ""
| #define STDC_HEADERS 1
| #define HAVE_SYS_TYPES_H 1
| #define HAVE_SYS_STAT_H 1
| #define HAVE_STDLIB_H 1
| #define HAVE_STRING_H 1
| #define HAVE_MEMORY_H 1
| #define HAVE_STRINGS_H 1
| #define HAVE_INTTYPES_H 1
| #define HAVE_STDINT_H 1
| #define HAVE_UNISTD_H 1
| #define HAVE_ARPA_INET_H 1
| #define HAVE_FCNTL_H 1
| #define HAVE_LIMITS_H 1
| #define HAVE_NETDB_H 1
| #define HAVE_NETINET_IN_H 1
| #define HAVE_STDINT_H 1
| #define HAVE_STRING_H 1
| #define HAVE_SYS_SOCKET_H 1
| #define HAVE_UNISTD_H 1
| #define HAVE_WCHAR_H 1
| /* end confdefs.h.  */
| #include <stdio.h>
| #ifdef HAVE_SYS_TYPES_H
| # include <sys/types.h>
| #endif
| #ifdef HAVE_SYS_STAT_H
| # include <sys/stat.h>
| #endif
| #ifdef STDC_HEADERS
| # include <stdlib.h>
| # include <stddef.h>
| #else
| # ifdef HAVE_STDLIB_H
| #  include <stdlib.h>
| # endif
| #endif
| #ifdef HAVE_STRING_H
| # if !defined STDC_HEADERS && defined HAVE_MEMORY_H
| #  include <memory.h>
| # endif
| # include <string.h>
| #endif
| #ifdef HAVE_STRINGS_H
| # include <strings.h>
| #endif
| #ifdef HAVE_INTTYPES_H
| # include <inttypes.h>
| #endif
| #ifdef HAVE_STDINT_H
| # include <stdint.h>
| #endif
| #ifdef HAVE_UNISTD_H
| # include <unistd.h>
| #endif
| 	        enum { N = 64 / 2 - 1 };
| int
| main ()
| {
| static int test_array [1 - 2 * !((int64_t) (((((int64_t) 1 << N) << N) - 1) * 2 + 1)
| 		 < (int64_t) (((((int64_t) 1 << N) << N) - 1) * 2 + 2))];
| test_array [0] = 0;
| return test_array [0];
| 
|   ;
|   return 0;
| }
configure:4060: result: yes
configure:4071: checking for int8_t
configure:4071: g++ -c -g -O2  conftest.cpp >&5
configure:4071: $? = 0
configure:4071: g++ -c -g -O2  conftest.cpp >&5
conftest.cpp: In function 'int main()':
conftest.cpp:67:56: error: size of array 'test_array' is negative
    < (int8_t) (((((int8_t) 1 << N) << N) - 1) * 2 + 2))];
                                                        ^
configure:4071: $? = 1
configure: failed program was:
| /* confdefs.h */
| #define PACKAGE_NAME "edlutkernel"
| #define PACKAGE_TARNAME "edlutkernel"
| #define PACKAGE_VERSION "2.0"
| #define PACKAGE_STRING "edlutkernel 2.0"
| #define PACKAGE_BUGREPORT "jgarridoalcazar@gmail.com"
| #define PACKAGE_URL ""
| #define STDC_HEADERS 1
| #define HAVE_SYS_TYPES_H 1
| #define HAVE_SYS_STAT_H 1
| #define HAVE_STDLIB_H 1
| #define HAVE_STRING_H 1
| #define HAVE_MEMORY_H 1
| #define HAVE_STRINGS_H 1
| #define HAVE_INTTYPES_H 1
| #define HAVE_STDINT_H 1
| #define HAVE_UNISTD_H 1
| #define HAVE_ARPA_INET_H 1
| #define HAVE_FCNTL_H 1
| #define HAVE_LIMITS_H 1
| #define HAVE_NETDB_H 1
| #define HAVE_NETINET_IN_H 1
| #define HAVE_STDINT_H 1
| #define HAVE_STRING_H 1
| #define HAVE_SYS_SOCKET_H 1
| #define HAVE_UNISTD_H 1
| #define HAVE_WCHAR_H 1
| /* end confdefs.h.  */
| #include <stdio.h>
| #ifdef HAVE_SYS_TYPES_H
| # include <sys/types.h>
| #endif
| #ifdef HAVE_SYS_STAT_H
| # include <sys/stat.h>
| #endif
| #ifdef STDC_HEADERS
| # include <stdlib.h>
| # include <stddef.h>
| #else
| # ifdef HAVE_STDLIB_H
| #  include <stdlib.h>
| # endif
| #endif
| #ifdef HAVE_STRING_H
| # if !defined STDC_HEADERS && defined HAVE_MEMORY_H
| #  include <memory.h>
| # endif
| # include <string.h>
| #endif
| #ifdef HAVE_STRINGS_H
| # include <strings.h>
| #endif
| #ifdef HAVE_INTTYPES_H
| # include <inttypes.h>
| #endif
| #ifdef HAVE_STDINT_H
| # include <stdint.h>
| #endif
| #ifdef HAVE_UNISTD_H
| # include <unistd.h>
| #endif
| 	        enum { N = 8 / 2 - 1 };
| int
| main ()
| {
| static int test_array [1 - 2 * !((int8_t) (((((int8_t) 1 << N) << N) - 1) * 2 + 1)
| 		 < (int8_t) (((((int8_t) 1 << N) << N) - 1) * 2 + 2))];
| test_array [0] = 0;
| return test_array [0];
| 
|   ;
|   return 0;
| }
configure:4071: result: yes
configure:4082: checking for uint16_t
configure:4082: g++ -c -g -O2  conftest.cpp >&5
configure:4082: $? = 0
configure:4082: result: yes
configure:4094: checking for uint32_t
configure:4094: g++ -c -g -O2  conftest.cpp >&5
configure:4094: $? = 0
configure:4094: result: yes
configure:4108: checking for uint64_t
configure:4108: g++ -c -g -O2  conftest.cpp >&5
configure:4108: $? = 0
configure:4108: result: yes
configure:4122: checking for uint8_t
configure:4122: g++ -c -g -O2  conftest.cpp >&5
configure:4122: $? = 0
configure:4122: result: yes
configure:4140: checking for stdlib.h
configure:4140: result: yes
configure:4150: checking for GNU libc compatible malloc
configure:4174: g++ -o conftest -g -O2   conftest.cpp  >&5
configure:4174: $? = 0
configure:4174: ./conftest
configure:4174: $? = 0
configure:4184: result: yes
configure:4208: checking for memset
configure:4208: g++ -o conftest -g -O2   conftest.cpp  >&5
configure:4208: $? = 0
configure:4208: result: yes
configure:4208: checking for pow
configure:4208: g++ -o conftest -g -O2   conftest.cpp  >&5
configure:4208: $? = 0
configure:4208: result: yes
configure:4208: checking for socket
configure:4208: g++ -o conftest -g -O2   conftest.cpp  >&5
configure:4208: $? = 0
configure:4208: result: yes
configure:4208: checking for sqrt
configure:4208: g++ -o conftest -g -O2   conftest.cpp  >&5
configure:4208: $? = 0
configure:4208: result: yes
configure:4220: checking for doxygen
configure:4250: result: no
configure:4265: checking for g++ option to support OpenMP
configure:4280: g++ -o conftest -g -O2   conftest.cpp  >&5
conftest.cpp:37:2: error: 'choke' does not name a type
  choke me
  ^
In file included from conftest.cpp:39:0:
/usr/lib/gcc/x86_64-linux-gnu/5/include/omp.h:39:3: error: 'omp_lock_t' does not name a type
 } omp_lock_t;
   ^
/usr/lib/gcc/x86_64-linux-gnu/5/include/omp.h:91:28: error: variable or field 'omp_init_lock' declared void
 extern void omp_init_lock (omp_lock_t *) __GOMP_NOTHROW;
                            ^
/usr/lib/gcc/x86_64-linux-gnu/5/include/omp.h:91:28: error: 'omp_lock_t' was not declared in this scope
/usr/lib/gcc/x86_64-linux-gnu/5/include/omp.h:91:40: error: expected primary-expression before ')' token
 extern void omp_init_lock (omp_lock_t *) __GOMP_NOTHROW;
                                        ^
/usr/lib/gcc/x86_64-linux-gnu/5/include/omp.h:92:31: error: variable or field 'omp_destroy_lock' declared void
 extern void omp_destroy_lock (omp_lock_t *) __GOMP_NOTHROW;
                               ^
/usr/lib/gcc/x86_64-linux-gnu/5/include/omp.h:92:31: error: 'omp_lock_t' was not declared in this scope
/usr/lib/gcc/x86_64-linux-gnu/5/include/omp.h:92:43: error: expected primary-expression before ')' token
 extern void omp_destroy_lock (omp_lock_t *) __GOMP_NOTHROW;
                                           ^
/usr/lib/gcc/x86_64-linux-gnu/5/include/omp.h:93:27: error: variable or field 'omp_set_lock' declared void
 extern void omp_set_lock (omp_lock_t *) __GOMP_NOTHROW;
                           ^
/usr/lib/gcc/x86_64-linux-gnu/5/include/omp.h:93:27: error: 'omp_lock_t' was not declared in this scope
/usr/lib/gcc/x86_64-linux-gnu/5/include/omp.h:93:39: error: expected primary-expression before ')' token
 extern void omp_set_lock (omp_lock_t *) __GOMP_NOTHROW;
                                       ^
/usr/lib/gcc/x86_64-linux-gnu/5/include/omp.h:94:29: error: variable or field 'omp_unset_lock' declared void
 extern void omp_unset_lock (omp_lock_t *) __GOMP_NOTHROW;
                             ^
/usr/lib/gcc/x86_64-linux-gnu/5/include/omp.h:94:29: error: 'omp_lock_t' was not declared in this scope
/usr/lib/gcc/x86_64-linux-gnu/5/include/omp.h:94:41: error: expected primary-expression before ')' token
 extern void omp_unset_lock (omp_lock_t *) __GOMP_NOTHROW;
                                         ^
/usr/lib/gcc/x86_64-linux-gnu/5/include/omp.h:95:27: error: 'omp_lock_t' was not declared in this scope
 extern int omp_test_lock (omp_lock_t *) __GOMP_NOTHROW;
                           ^
/usr/lib/gcc/x86_64-linux-gnu/5/include/omp.h:95:39: error: expected primary-expression before ')' token
 extern int omp_test_lock (omp_lock_t *) __GOMP_NOTHROW;
                                       ^
/usr/lib/gcc/x86_64-linux-gnu/5/include/omp.h:95:41: error: expected ',' or ';' before 'throw'
 extern int omp_test_lock (omp_lock_t *) __GOMP_NOTHROW;
                                         ^
configure:4280: $? = 1
configure: failed program was:
| /* confdefs.h */
| #define PACKAGE_NAME "edlutkernel"
| #define PACKAGE_TARNAME "edlutkernel"
| #define PACKAGE_VERSION "2.0"
| #define PACKAGE_STRING "edlutkernel 2.0"
| #define PACKAGE_BUGREPORT "jgarridoalcazar@gmail.com"
| #define PACKAGE_URL ""
| #define STDC_HEADERS 1
| #define HAVE_SYS_TYPES_H 1
| #define HAVE_SYS_STAT_H 1
| #define HAVE_STDLIB_H 1
| #define HAVE_STRING_H 1
| #define HAVE_MEMORY_H 1
| #define HAVE_STRINGS_H 1
| #define HAVE_INTTYPES_H 1
| #define HAVE_STDINT_H 1
| #define HAVE_UNISTD_H 1
| #define HAVE_ARPA_INET_H 1
| #define HAVE_FCNTL_H 1
| #define HAVE_LIMITS_H 1
| #define HAVE_NETDB_H 1
| #define HAVE_NETINET_IN_H 1
| #define HAVE_STDINT_H 1
| #define HAVE_STRING_H 1
| #define HAVE_SYS_SOCKET_H 1
| #define HAVE_UNISTD_H 1
| #define HAVE_WCHAR_H 1
| #define HAVE_STDLIB_H 1
| #define HAVE_MALLOC 1
| #define HAVE_MEMSET 1
| #define HAVE_POW 1
| #define HAVE_SOCKET 1
| #define HAVE_SQRT 1
| /* end confdefs.h.  */
| 
| #ifndef _OPENMP
|  choke me
| #endif
| #include <omp.h>
| int main () { return omp_get_num_threads (); }
| 
configure:4298: g++ -o conftest -g -O2 -fopenmp   conftest.cpp  >&5
configure:4298: $? = 0
configure:4312: result: -fopenmp
configure:4374: checking for Matlab prefix
configure:4403: result: not found
configure:4411: checking whether to enable Matlab support
configure:4425: result: no
configure:4480: checking whether to enable Simulink support
configure:4497: result: no
configure:4560: checking MEX file extension
configure:4565: result: 
configure:4607: checking for Cuda prefix
configure:4636: result: /usr/local/cuda-10.2
configure:4644: checking whether to enable Cuda support
configure:4662: result: yes
configure:4693: checking whether to enable Cuda compiling
configure:4721: nvcc -c -g -O2  conftest.cpp >&5
configure:4721: $? = 0
configure:4722: result: yes
configure:4735: checking whether to enable Cuda linking
configure:4763: nvcc -o conftest -g -O2   conftest.cpp  >&5
configure:4763: $? = 0
configure:4764: result: yes
configure:4778: checking whether to enable Cuda runing
configure:4812: nvcc -o conftest -g -O2   conftest.cpp  >&5
configure:4812: $? = 0
configure:4812: ./conftest
configure:4812: $? = 0
configure:4813: result: yes
configure:4815: checking CUDA Driver version
configure:4820: result: 10.2
configure:4854: checking if CUDA driver version is sufficient
configure:4882: result: yes
configure:4903: checking whether to enable Cuda runing
configure:4942: nvcc -o conftest -g -O2   conftest.cpp  >&5
configure:4942: $? = 0
configure:4942: ./conftest
configure:4942: $? = 0
configure:4944: result: yes
configure:4946: checking CUDA architecture
configure:4951: result: 7.5
configure:4992: checking if CUDA version is sufficient
configure:5022: result: yes
configure:5076: checking whether to enable robot compiling
configure:5079: result: no
configure:5120: Ignoring profiling information.
configure:5140: Generating release code configuration.
configure:5313: creating ./config.status

## ---------------------- ##
## Running config.status. ##
## ---------------------- ##

This file was extended by edlutkernel config.status 2.0, which was
generated by GNU Autoconf 2.69.  Invocation command line was

  CONFIG_FILES    = 
  CONFIG_HEADERS  = 
  CONFIG_LINKS    = 
  CONFIG_COMMANDS = 
  $ ./config.status 

on baxterMainPC

config.status:766: creating makefile
config.status:766: creating rules.makefile
config.status:766: creating flags.makefile

## ---------------- ##
## Cache variables. ##
## ---------------- ##

ac_cv_c_compiler_gnu=yes
ac_cv_c_int16_t=yes
ac_cv_c_int32_t=yes
ac_cv_c_int64_t=yes
ac_cv_c_int8_t=yes
ac_cv_c_uint16_t=yes
ac_cv_c_uint32_t=yes
ac_cv_c_uint64_t=yes
ac_cv_c_uint8_t=yes
ac_cv_cxx_compiler_gnu=yes
ac_cv_env_CCC_set=
ac_cv_env_CCC_value=
ac_cv_env_CC_set=
ac_cv_env_CC_value=
ac_cv_env_CFLAGS_set=
ac_cv_env_CFLAGS_value=
ac_cv_env_CPPFLAGS_set=
ac_cv_env_CPPFLAGS_value=
ac_cv_env_CXXCPP_set=
ac_cv_env_CXXCPP_value=
ac_cv_env_CXXFLAGS_set=
ac_cv_env_CXXFLAGS_value=
ac_cv_env_CXX_set=
ac_cv_env_CXX_value=
ac_cv_env_LDFLAGS_set=
ac_cv_env_LDFLAGS_value=
ac_cv_env_LIBS_set=
ac_cv_env_LIBS_value=
ac_cv_env_build_alias_set=
ac_cv_env_build_alias_value=
ac_cv_env_host_alias_set=
ac_cv_env_host_alias_value=
ac_cv_env_target_alias_set=
ac_cv_env_target_alias_value=
ac_cv_func_malloc_0_nonnull=yes
ac_cv_func_memset=yes
ac_cv_func_pow=yes
ac_cv_func_socket=yes
ac_cv_func_sqrt=yes
ac_cv_header_arpa_inet_h=yes
ac_cv_header_fcntl_h=yes
ac_cv_header_inttypes_h=yes
ac_cv_header_limits_h=yes
ac_cv_header_memory_h=yes
ac_cv_header_netdb_h=yes
ac_cv_header_netinet_in_h=yes
ac_cv_header_stdbool_h=yes
ac_cv_header_stdc=yes
ac_cv_header_stdint_h=yes
ac_cv_header_stdlib_h=yes
ac_cv_header_string_h=yes
ac_cv_header_strings_h=yes
ac_cv_header_sys_socket_h=yes
ac_cv_header_sys_stat_h=yes
ac_cv_header_sys_types_h=yes
ac_cv_header_unistd_h=yes
ac_cv_header_wchar_h=yes
ac_cv_objext=o
ac_cv_path_EGREP='/bin/grep -E'
ac_cv_path_GREP=/bin/grep
ac_cv_prog_AWK=gawk
ac_cv_prog_CXXCPP='g++ -E'
ac_cv_prog_ac_ct_CC=gcc
ac_cv_prog_ac_ct_CXX=g++
ac_cv_prog_cc_c89=
ac_cv_prog_cc_g=yes
ac_cv_prog_cxx_g=yes
ac_cv_prog_cxx_openmp=-fopenmp
ac_cv_type__Bool=no
ax_cv_cuda=/usr/local/cuda-10.2
ax_cv_matlab='not found'
mx_cv_CXXFLAGS='-g -O2'
mx_cv_LDFLAGS=
mx_cv_cuda_driver_major=10
mx_cv_cuda_driver_minor=2
mx_cv_cuda_driver_version=10.2
mx_cv_cuda_major=7
mx_cv_cuda_minor=5
mx_cv_cuda_version=7.5

## ----------------- ##
## Output variables. ##
## ----------------- ##

AWK='gawk'
CC='gcc'
CFLAGS='-g -O2'
CPPFLAGS=''
CUDA='/usr/local/cuda-10.2'
CUDA_DRIVER_MAJOR='10'
CUDA_DRIVER_MINOR='2'
CUDA_DRIVER_VERSION='10.2'
CUDA_MAJOR='7'
CUDA_MINOR='5'
CUDA_VERSION='7.5'
CXX='nvcc'
CXXCPP='g++ -E'
CXXFLAGS='-g -O2'
DEFS='-DPACKAGE_NAME=\"edlutkernel\" -DPACKAGE_TARNAME=\"edlutkernel\" -DPACKAGE_VERSION=\"2.0\" -DPACKAGE_STRING=\"edlutkernel\ 2.0\" -DPACKAGE_BUGREPORT=\"jgarridoalcazar@gmail.com\" -DPACKAGE_URL=\"\" -DSTDC_HEADERS=1 -DHAVE_SYS_TYPES_H=1 -DHAVE_SYS_STAT_H=1 -DHAVE_STDLIB_H=1 -DHAVE_STRING_H=1 -DHAVE_MEMORY_H=1 -DHAVE_STRINGS_H=1 -DHAVE_INTTYPES_H=1 -DHAVE_STDINT_H=1 -DHAVE_UNISTD_H=1 -DHAVE_ARPA_INET_H=1 -DHAVE_FCNTL_H=1 -DHAVE_LIMITS_H=1 -DHAVE_NETDB_H=1 -DHAVE_NETINET_IN_H=1 -DHAVE_STDINT_H=1 -DHAVE_STRING_H=1 -DHAVE_SYS_SOCKET_H=1 -DHAVE_UNISTD_H=1 -DHAVE_WCHAR_H=1 -DHAVE_STDLIB_H=1 -DHAVE_MALLOC=1 -DHAVE_MEMSET=1 -DHAVE_POW=1 -DHAVE_SOCKET=1 -DHAVE_SQRT=1 -DHAVE_CUDA=1'
ECHO_C=''
ECHO_N='-n'
ECHO_T=''
EGREP='/bin/grep -E'
EXEEXT=''
GREP='/bin/grep'
LDFLAGS=''
LIBOBJS=''
LIBS=''
LTLIBOBJS=''
MATLAB=''
MEXEXT=''
OBJEXT='o'
OPENMP_CXXFLAGS='-fopenmp'
PACKAGE_BUGREPORT='jgarridoalcazar@gmail.com'
PACKAGE_NAME='edlutkernel'
PACKAGE_STRING='edlutkernel 2.0'
PACKAGE_TARNAME='edlutkernel'
PACKAGE_URL=''
PACKAGE_VERSION='2.0'
PATH_SEPARATOR=':'
SHELL='/bin/bash'
SIMULINK=''
USEROBOT='no'
ac_ct_CC='gcc'
ac_ct_CXX='g++'
architecture='64'
bindir='${exec_prefix}/bin'
build_alias=''
ccompiler='gcc'
compiler='g++'
cuda='/usr/local/cuda-10.2'
cuda_lib='lib64'
cudamajor='7'
cudaminor='5'
cudaversion='7.5'
datadir='${datarootdir}'
datarootdir='${prefix}/share'
docdir='${datarootdir}/doc/${PACKAGE_TARNAME}'
dox=''
dvidir='${docdir}'
exec_prefix='${prefix}'
host_alias=''
htmldir='${docdir}'
includedir='${prefix}/include'
infodir='${datarootdir}/info'
libdir='${exec_prefix}/lib'
libexecdir='${exec_prefix}/libexec'
localedir='${datarootdir}/locale'
localstatedir='${prefix}/var'
mandir='${datarootdir}/man'
matlab=''
mexext=''
mextarget=''
oldincludedir='/usr/include'
openmp_cxxflags='-fopenmp'
optimize_code='true'
pdfdir='${docdir}'
prefix='/usr/local'
profile_code='false'
program_transform_name='s,x,x,'
psdir='${docdir}'
robot_generation='false'
robottarget=''
sbindir='${exec_prefix}/sbin'
sfunctiontarget=''
sharedstatedir='${prefix}/com'
sysconfdir='${prefix}/etc'
target_alias=''
use_cuda='true'
use_matlab='false'
use_openmp='true'
use_simulink='false'

## ----------- ##
## confdefs.h. ##
## ----------- ##

/* confdefs.h */
#define PACKAGE_NAME "edlutkernel"
#define PACKAGE_TARNAME "edlutkernel"
#define PACKAGE_VERSION "2.0"
#define PACKAGE_STRING "edlutkernel 2.0"
#define PACKAGE_BUGREPORT "jgarridoalcazar@gmail.com"
#define PACKAGE_URL ""
#define STDC_HEADERS 1
#define HAVE_SYS_TYPES_H 1
#define HAVE_SYS_STAT_H 1
#define HAVE_STDLIB_H 1
#define HAVE_STRING_H 1
#define HAVE_MEMORY_H 1
#define HAVE_STRINGS_H 1
#define HAVE_INTTYPES_H 1
#define HAVE_STDINT_H 1
#define HAVE_UNISTD_H 1
#define HAVE_ARPA_INET_H 1
#define HAVE_FCNTL_H 1
#define HAVE_LIMITS_H 1
#define HAVE_NETDB_H 1
#define HAVE_NETINET_IN_H 1
#define HAVE_STDINT_H 1
#define HAVE_STRING_H 1
#define HAVE_SYS_SOCKET_H 1
#define HAVE_UNISTD_H 1
#define HAVE_WCHAR_H 1
#define HAVE_STDLIB_H 1
#define HAVE_MALLOC 1
#define HAVE_MEMSET 1
#define HAVE_POW 1
#define HAVE_SOCKET 1
#define HAVE_SQRT 1
#define HAVE_CUDA 1

configure: exit 0
